17:49:22 **** Rebuild of configuration Debug for project hw6.2 ****
Info: Internal Builder is used for build
gcc -O0 -g3 -Wall -c -fmessage-length=0 -o hw6.2.o "..\\hw6.2.c" 
..\hw6.2.c: In function 'main':
..\hw6.2.c:11:10: warning: initialization makes pointer from integer without a cast [-Wint-conversion]
  char *p=i;
          ^
..\hw6.2.c:11:8: warning: 'i' is used uninitialized in this function [-Wuninitialized]
  char *p=i;
        ^
gcc -o hw6.2.exe hw6.2.o 
17:50:09 **** Incremental Build of configuration Debug for project hw6.2 ****
Info: Internal Builder is used for build
gcc -O0 -g3 -Wall -c -fmessage-length=0 -o hw6.2.o "..\\hw6.2.c" 
..\hw6.2.c: In function 'main':
..\hw6.2.c:12:3: warning: assignment from incompatible pointer type [-Wincompatible-pointer-types]
  p=&i;
   ^
gcc -o hw6.2.exe hw6.2.o 
17:50:40 **** Incremental Build of configuration Debug for project hw6.2 ****
Info: Internal Builder is used for build
gcc -O0 -g3 -Wall -c -fmessage-length=0 -o hw6.2.o "..\\hw6.2.c" 
gcc -o hw6.2.exe hw6.2.o 
Info: Nothing to build for hw6.2
17:51:25 **** Incremental Build of configuration Debug for project hw6.2 ****
Info: Internal Builder is used for build
gcc -O0 -g3 -Wall -c -fmessage-length=0 -o hw6.2.o "..\\hw6.2.c" 
..\hw6.2.c: In function 'main':
..\hw6.2.c:12:3: warning: assignment from incompatible pointer type [-Wincompatible-pointer-types]
  p=&i;
   ^
gcc -o hw6.2.exe hw6.2.o 
17:51:42 **** Incremental Build of configuration Debug for project hw6.2 ****
Info: Internal Builder is used for build
gcc -O0 -g3 -Wall -c -fmessage-length=0 -o hw6.2.o "..\\hw6.2.c" 
..\hw6.2.c: In function 'main':
..\hw6.2.c:12:3: warning: assignment from incompatible pointer type [-Wincompatible-pointer-types]
  p=&i;
   ^
gcc -o hw6.2.exe hw6.2.o 
17:51:55 **** Incremental Build of configuration Debug for project hw6.2 ****
Info: Internal Builder is used for build
gcc -O0 -g3 -Wall -c -fmessage-length=0 -o hw6.2.o "..\\hw6.2.c" 
gcc -o hw6.2.exe hw6.2.o 
Info: Nothing to build for hw6.2
17:55:20 **** Incremental Build of configuration Debug for project hw6.2 ****
Info: Internal Builder is used for build
gcc -O0 -g3 -Wall -c -fmessage-length=0 -o hw6.2.o "..\\hw6.2.c" 
..\hw6.2.c: In function 'main':
..\hw6.2.c:14:7: warning: assignment makes pointer from integer without a cast [-Wint-conversion]
  for(p=65;p<=90;p++)
       ^
..\hw6.2.c:14:12: warning: comparison between pointer and integer
  for(p=65;p<=90;p++)
            ^~
gcc -o hw6.2.exe hw6.2.o 
17:56:01 **** Incremental Build of configuration Debug for project hw6.2 ****
Info: Internal Builder is used for build
gcc -O0 -g3 -Wall -c -fmessage-length=0 -o hw6.2.o "..\\hw6.2.c" 
gcc -o hw6.2.exe hw6.2.o 
Info: Nothing to build for hw6.2
