17:36:56 **** Rebuild of configuration Debug for project hw5.4 ****
Info: Internal Builder is used for build
gcc -O0 -g3 -Wall -c -fmessage-length=0 -o hw5.4.o "..\\hw5.4.c" 
..\hw5.4.c: In function 'main':
..\hw5.4.c:24:11: warning: format '%s' expects argument of type 'char *', but argument 2 has type 'char (*)[50]' [-Wformat=]
   scanf("%s",&a[i].Mname);
           ^
gcc -o hw5.4.exe hw5.4.o 
17:40:17 **** Incremental Build of configuration Debug for project hw5.4 ****
Info: Internal Builder is used for build
gcc -O0 -g3 -Wall -c -fmessage-length=0 -o hw5.4.o "..\\hw5.4.c" 
..\hw5.4.c: In function 'main':
..\hw5.4.c:26:11: warning: format '%s' expects argument of type 'char *', but argument 2 has type 'char (*)[50]' [-Wformat=]
   scanf("%s",&a[i].Mname);
           ^
gcc -o hw5.4.exe hw5.4.o 
Info: Nothing to build for hw5.4
17:43:23 **** Incremental Build of configuration Debug for project hw5.4 ****
Info: Internal Builder is used for build
gcc -O0 -g3 -Wall -c -fmessage-length=0 -o hw5.4.o "..\\hw5.4.c" 
..\hw5.4.c: In function 'main':
..\hw5.4.c:26:11: warning: format '%s' expects argument of type 'char *', but argument 2 has type 'char (*)[50]' [-Wformat=]
   scanf("%s",&a[i].Mname);
           ^
gcc -o hw5.4.exe hw5.4.o 
17:44:03 **** Incremental Build of configuration Debug for project hw5.4 ****
Info: Internal Builder is used for build
gcc -O0 -g3 -Wall -c -fmessage-length=0 -o hw5.4.o "..\\hw5.4.c" 
gcc -o hw5.4.exe hw5.4.o 
Info: Nothing to build for hw5.4
Info: Nothing to build for hw5.4
