10:31:50 **** Rebuild of configuration Debug for project FIFO_Buffer ****
Info: Internal Builder is used for build
gcc -O0 -g3 -Wall -c -fmessage-length=0 -o FIFO.o "..\\FIFO.c" 
gcc -O0 -g3 -Wall -c -fmessage-length=0 -o main.o "..\\main.c" 
gcc -o FIFO_Buffer.exe FIFO.o main.o 
Info: Nothing to build for FIFO_Buffer
10:33:27 **** Incremental Build of configuration Debug for project FIFO_Buffer ****
Info: Internal Builder is used for build
gcc -O0 -g3 -Wall -c -fmessage-length=0 -o FIFO.o "..\\FIFO.c" 
gcc -o FIFO_Buffer.exe FIFO.o main.o 
10:50:12 **** Incremental Build of configuration Debug for project FIFO_Buffer ****
Info: Internal Builder is used for build
gcc -O0 -g3 -Wall -c -fmessage-length=0 -o FIFO.o "..\\FIFO.c" 
gcc -O0 -g3 -Wall -c -fmessage-length=0 -o main.o "..\\main.c" 
gcc -o FIFO_Buffer.exe FIFO.o main.o 
Info: Nothing to build for FIFO_Buffer
10:51:39 **** Incremental Build of configuration Debug for project FIFO_Buffer ****
Info: Internal Builder is used for build
gcc -O0 -g3 -Wall -c -fmessage-length=0 -o FIFO.o "..\\FIFO.c" 
gcc -o FIFO_Buffer.exe FIFO.o main.o 
Info: Nothing to build for FIFO_Buffer
10:52:04 **** Incremental Build of configuration Debug for project FIFO_Buffer ****
Info: Internal Builder is used for build
gcc -O0 -g3 -Wall -c -fmessage-length=0 -o FIFO.o "..\\FIFO.c" 
gcc -o FIFO_Buffer.exe FIFO.o main.o 
Info: Nothing to build for FIFO_Buffer
Info: Nothing to build for FIFO_Buffer
Info: Nothing to build for FIFO_Buffer
