21:23:50 **** Rebuild of configuration Debug for project hw3.5 ****
Info: Internal Builder is used for build
gcc -O0 -g3 -Wall -c -fmessage-length=0 -o hw3.5.o "..\\hw3.5.c" 
..\hw3.5.c: In function 'main':
..\hw3.5.c:26:3: warning: suggest parentheses around assignment used as truth value [-Wparentheses]
   if(a[i]=x)
   ^~
gcc -o hw3.5.exe hw3.5.o 
Info: Nothing to build for hw3.5
21:25:57 **** Incremental Build of configuration Debug for project hw3.5 ****
Info: Internal Builder is used for build
gcc -O0 -g3 -Wall -c -fmessage-length=0 -o hw3.5.o "..\\hw3.5.c" 
..\hw3.5.c: In function 'main':
..\hw3.5.c:26:3: warning: suggest parentheses around assignment used as truth value [-Wparentheses]
   if(a[i]=x)
   ^~
gcc -o hw3.5.exe hw3.5.o 
Info: Nothing to build for hw3.5
21:27:50 **** Incremental Build of configuration Debug for project hw3.5 ****
Info: Internal Builder is used for build
gcc -O0 -g3 -Wall -c -fmessage-length=0 -o hw3.5.o "..\\hw3.5.c" 
gcc -o hw3.5.exe hw3.5.o 
Info: Nothing to build for hw3.5
21:30:12 **** Incremental Build of configuration Debug for project hw3.5 ****
Info: Internal Builder is used for build
gcc -O0 -g3 -Wall -c -fmessage-length=0 -o hw3.5.o "..\\hw3.5.c" 
gcc -o hw3.5.exe hw3.5.o 
Info: Nothing to build for hw3.5
10:16:51 **** Incremental Build of configuration Debug for project hw3.5 ****
Info: Internal Builder is used for build
gcc -O0 -g3 -Wall -c -fmessage-length=0 -o hw3.5.o "..\\hw3.5.c" 
gcc -o hw3.5.exe hw3.5.o 
Info: Nothing to build for hw3.5
