19:47:44 **** Rebuild of configuration Debug for project hw4.3 ****
Info: Internal Builder is used for build
gcc -O0 -g3 -Wall -c -fmessage-length=0 -o hw4.3.o "..\\hw4.3.c" 
gcc -o hw4.3.exe hw4.3.o 
Info: Nothing to build for hw4.3
Info: Nothing to build for hw4.3
Info: Nothing to build for hw4.3
Info: Nothing to build for hw4.3
Info: Nothing to build for hw4.3
Info: Nothing to build for hw4.3
19:48:47 **** Incremental Build of configuration Debug for project hw4.3 ****
Info: Internal Builder is used for build
gcc -O0 -g3 -Wall -c -fmessage-length=0 -o hw4.3.o "..\\hw4.3.c" 
gcc -o hw4.3.exe hw4.3.o 
c:/mingw/bin/../lib/gcc/mingw32/6.3.0/../../../../mingw32/bin/ld.exe: cannot open output file hw4.3.exe: Permission denied
collect2.exe: error: ld returned 1 exit status
19:49:54 **** Incremental Build of configuration Debug for project hw4.3 ****
Info: Internal Builder is used for build
gcc -o hw4.3.exe hw4.3.o 
Info: Nothing to build for hw4.3
19:50:55 **** Incremental Build of configuration Debug for project hw4.3 ****
Info: Internal Builder is used for build
gcc -O0 -g3 -Wall -c -fmessage-length=0 -o hw4.3.o "..\\hw4.3.c" 
gcc -o hw4.3.exe hw4.3.o 
c:/mingw/bin/../lib/gcc/mingw32/6.3.0/../../../../mingw32/bin/ld.exe: cannot open output file hw4.3.exe: Permission denied
collect2.exe: error: ld returned 1 exit status
19:51:53 **** Incremental Build of configuration Debug for project hw4.3 ****
Info: Internal Builder is used for build
gcc -o hw4.3.exe hw4.3.o 
Info: Nothing to build for hw4.3
19:58:06 **** Incremental Build of configuration Debug for project hw4.3 ****
Info: Internal Builder is used for build
gcc -O0 -g3 -Wall -c -fmessage-length=0 -o hw4.3.o "..\\hw4.3.c" 
gcc -o hw4.3.exe hw4.3.o 
c:/mingw/bin/../lib/gcc/mingw32/6.3.0/../../../../mingw32/bin/ld.exe: cannot open output file hw4.3.exe: Permission denied
collect2.exe: error: ld returned 1 exit status
19:58:44 **** Incremental Build of configuration Debug for project hw4.3 ****
Info: Internal Builder is used for build
gcc -o hw4.3.exe hw4.3.o 
Info: Nothing to build for hw4.3
19:59:37 **** Incremental Build of configuration Debug for project hw4.3 ****
Info: Internal Builder is used for build
gcc -O0 -g3 -Wall -c -fmessage-length=0 -o hw4.3.o "..\\hw4.3.c" 
gcc -o hw4.3.exe hw4.3.o 
c:/mingw/bin/../lib/gcc/mingw32/6.3.0/../../../../mingw32/bin/ld.exe: cannot open output file hw4.3.exe: Permission denied
collect2.exe: error: ld returned 1 exit status
20:01:05 **** Incremental Build of configuration Debug for project hw4.3 ****
Info: Internal Builder is used for build
gcc -o hw4.3.exe hw4.3.o 
Info: Nothing to build for hw4.3
20:03:30 **** Incremental Build of configuration Debug for project hw4.3 ****
Info: Internal Builder is used for build
gcc -O0 -g3 -Wall -c -fmessage-length=0 -o hw4.3.o "..\\hw4.3.c" 
gcc -o hw4.3.exe hw4.3.o 
Info: Nothing to build for hw4.3
